Arguments: 
  C:\Users\ppietrus\AppData\Local\fnm_multishells\14936_1713228047166\node.exe C:\Users\ppietrus\AppData\Local\node\corepack\yarn\1.22.19\bin\yarn.js

PATH: 
  C:\Users\ppietrus\AppData\Local\fnm_multishells\14936_1713228047166;C:\WINDOWS\system32;C:\WINDOWS;C:\WINDOWS\System32\Wbem;C:\WINDOWS\System32\WindowsPowerShell\v1.0\;C:\WINDOWS\System32\OpenSSH\;C:\Program Files\PuTTY\;C:\Program Files\dotnet\;C:\Program Files\GitHub CLI\;C:\Program Files\Git\cmd;C:\Users\ppietrus\AppData\Local\Microsoft\WindowsApps;;C:\Users\ppietrus\AppData\Local\Programs\Microsoft VS Code\bin;C:\Users\ppietrus\AppData\Local\Microsoft\WinGet\Packages\Schniz.fnm_Microsoft.Winget.Source_8wekyb3d8bbwe;

Yarn version: 
  1.22.19

Node version: 
  18.18.2

Platform: 
  win32 x64

Trace: 
  Error: https://registry.yarnpkg.com/@riedel_rrcs: Request "https://registry.yarnpkg.com/@riedel_rrcs" returned a 405
      at params.callback [as _callback] (C:\Users\ppietrus\AppData\Local\node\corepack\yarn\1.22.19\lib\cli.js:66154:18)
      at self.callback (C:\Users\ppietrus\AppData\Local\node\corepack\yarn\1.22.19\lib\cli.js:140890:22)
      at Request.emit (node:events:517:28)
      at Request.<anonymous> (C:\Users\ppietrus\AppData\Local\node\corepack\yarn\1.22.19\lib\cli.js:141862:10)
      at Request.emit (node:events:517:28)
      at IncomingMessage.<anonymous> (C:\Users\ppietrus\AppData\Local\node\corepack\yarn\1.22.19\lib\cli.js:141784:12)
      at Object.onceWrapper (node:events:631:28)
      at IncomingMessage.emit (node:events:529:35)
      at endReadableNT (node:internal/streams/readable:1368:12)
      at process.processTicksAndRejections (node:internal/process/task_queues:82:21)

npm manifest: 
  {
  	"name": "companion-module-riedel-rrcs",
  	"version": "0.1.0",
  	"main": "src/main.js",
  	"scripts": {
  		"format": "prettier -w .",
  		"package": "companion-module-build"
  	},
  	"license": "MIT",
  	"repository": {
  		"type": "git",
  		"url": "git+https://github.com/phillipivan/companion-module-riedel-rrcs.git"
  	},
  	"dependencies": {
  		"@companion-module/base": "~1.7.0",
  		"@riedel_rrcs": "^1.0.1"
  	},
  
  	"devDependencies": {
  		"@companion-module/tools": "^1.5.0"
  	},
  	"prettier": "@companion-module/tools/.prettierrc.json"
  }

yarn manifest: 
  No manifest

Lockfile: 
  No lockfile
